<?xml version="1.0" encoding="UTF-8"?>
<!-- Generated by org.testng.reporters.JUnitReportReporter -->
<testsuite hostname="DESKTOP-IN0UN1N" failures="0" tests="1" name="testNG_SerialExecution.MyTest_C" time="20.165" errors="0" timestamp="2022-06-14T17:10:20 IST" skipped="0">
  <testcase classname="testNG_SerialExecution.MyTest_C" name="MyMethod3" time="20.165"/>
  <system-out>
    <![CDATA[MyMethod3 is running]]>
  </system-out>
</testsuite> <!-- testNG_SerialExecution.MyTest_C -->
