<?xml version="1.0" encoding="UTF-8"?>
<!-- Generated by org.testng.reporters.JUnitReportReporter -->
<testsuite hostname="DESKTOP-IN0UN1N" failures="0" tests="5" name="testNG_xmlStudy.MyTest2" time="0.048" errors="0" timestamp="2022-06-14T00:54:49 IST" skipped="0">
  <testcase classname="testNG_xmlStudy.MyTest2" name="Mymethod6" time="0.002"/>
  <system-out>
    <![CDATA[Mymethod 6 is running]]>
  </system-out>
  <testcase classname="testNG_xmlStudy.MyTest2" name="Mymethod8" time="0.002"/>
  <system-out>
    <![CDATA[Mymethod 8 is running]]>
  </system-out>
  <testcase classname="testNG_xmlStudy.MyTest2" name="Mymethod7" time="0.002"/>
  <system-out>
    <![CDATA[Mymethod 7 is running]]>
  </system-out>
  <testcase classname="testNG_xmlStudy.MyTest2" name="Mymethod10" time="0.040"/>
  <system-out>
    <![CDATA[Mymethod 10 is running]]>
  </system-out>
  <testcase classname="testNG_xmlStudy.MyTest2" name="Mymethod9" time="0.002"/>
  <system-out>
    <![CDATA[Mymethod 9 is running]]>
  </system-out>
</testsuite> <!-- testNG_xmlStudy.MyTest2 -->
