<?xml version="1.0" encoding="UTF-8"?>
<!-- Generated by org.testng.reporters.JUnitReportReporter -->
<testsuite hostname="DESKTOP-IN0UN1N" failures="0" tests="2" name="testNG_xmlStudy.MyTest" time="0.012" errors="0" timestamp="2022-06-13T12:59:30 IST" skipped="0">
  <testcase classname="testNG_xmlStudy.MyTest" name="Mymethod2" time="0.011"/>
  <system-out>
    <![CDATA[Mymethod 2 is running]]>
  </system-out>
  <testcase classname="testNG_xmlStudy.MyTest" name="Mymethod4" time="0.001"/>
  <system-out>
    <![CDATA[Mymethod 4 is running]]>
  </system-out>
</testsuite> <!-- testNG_xmlStudy.MyTest -->
