<?xml version="1.0" encoding="UTF-8"?>
<!-- Generated by org.testng.reporters.JUnitReportReporter -->
<testsuite hostname="DESKTOP-IN0UN1N" failures="0" tests="1" name="testNG_SerialExecution.MyTest_B" time="24.998" errors="0" timestamp="2022-06-14T17:10:20 IST" skipped="0">
  <testcase classname="testNG_SerialExecution.MyTest_B" name="MyMethod2" time="24.998"/>
  <system-out>
    <![CDATA[MyMethod2 is running]]>
  </system-out>
</testsuite> <!-- testNG_SerialExecution.MyTest_B -->
