<?xml version="1.0" encoding="UTF-8"?>
<!-- Generated by org.testng.reporters.JUnitReportReporter -->
<testsuite hostname="DESKTOP-IN0UN1N" failures="0" tests="3" name="KiteAppTestClasses.AssignKiteLoginTEST" time="6.089" errors="0" timestamp="2022-06-21T23:44:21 IST" skipped="0">
  <testcase classname="KiteAppTestClasses.AssignKiteLoginTEST" name="LoginWithBlankData" time="2.436"/>
  <system-out>
    <![CDATA[Login with blank data
CommonError message is matching,TC is passed
CommonError message is matching,TC is passed]]>
  </system-out>
  <testcase classname="KiteAppTestClasses.AssignKiteLoginTEST" name="LoginWithValidUsername" time="1.149"/>
  <system-out>
    <![CDATA[Login with valid username
UseridError message is matching,TC is passed]]>
  </system-out>
  <testcase classname="KiteAppTestClasses.AssignKiteLoginTEST" name="LoginWithInValidUsername" time="2.504"/>
  <system-out>
    <![CDATA[Login with Invalid username
PasswordError message is matching,TC is passed]]>
  </system-out>
</testsuite> <!-- KiteAppTestClasses.AssignKiteLoginTEST -->
