<?xml version="1.0" encoding="UTF-8"?>
<!-- Generated by org.testng.reporters.JUnitReportReporter -->
<testsuite hostname="DESKTOP-IN0UN1N" failures="0" tests="1" name="testNG_ParallelExecution.MyTest_A" time="27.892" errors="0" timestamp="2022-06-14T17:20:10 IST" skipped="0">
  <testcase classname="testNG_ParallelExecution.MyTest_A" name="MyMethod1" time="27.892"/>
  <system-out>
    <![CDATA[MyMethod1 is running]]>
  </system-out>
</testsuite> <!-- testNG_ParallelExecution.MyTest_A -->
