<?xml version="1.0" encoding="UTF-8"?>
<!-- Generated by org.testng.reporters.JUnitReportReporter -->
<testsuite hostname="DESKTOP-IN0UN1N" failures="0" tests="4" name="testNG.PriorityUse" time="0.027" errors="0" timestamp="2022-06-12T20:06:25 IST" skipped="0">
  <testcase classname="testNG.PriorityUse" name="D" time="0.020"/>
  <system-out>
    <![CDATA[Test method D is running]]>
  </system-out>
  <testcase classname="testNG.PriorityUse" name="C" time="0.003"/>
  <system-out>
    <![CDATA[Test method C is running]]>
  </system-out>
  <testcase classname="testNG.PriorityUse" name="B" time="0.002"/>
  <system-out>
    <![CDATA[Test method B is running]]>
  </system-out>
  <testcase classname="testNG.PriorityUse" name="A" time="0.002"/>
  <system-out>
    <![CDATA[Test method A is running]]>
  </system-out>
</testsuite> <!-- testNG.PriorityUse -->
