<?xml version="1.0" encoding="UTF-8"?>
<!-- Generated by org.testng.reporters.JUnitReportReporter -->
<testsuite hostname="DESKTOP-IN0UN1N" failures="0" tests="3" name="testNG_xmlStudy.MyTest4" time="0.016" errors="0" timestamp="2022-06-14T17:16:21 IST" skipped="0">
  <testcase classname="testNG_xmlStudy.MyTest4" name="Mymethod7" time="0.012"/>
  <system-out>
    <![CDATA[Mymethod 7 is running]]>
  </system-out>
  <testcase classname="testNG_xmlStudy.MyTest4" name="Mymethod8" time="0.002"/>
  <system-out>
    <![CDATA[Mymethod 8 sanity is running]]>
  </system-out>
  <testcase classname="testNG_xmlStudy.MyTest4" name="Mymethod9" time="0.002"/>
  <system-out>
    <![CDATA[Mymethod 9 is running]]>
  </system-out>
</testsuite> <!-- testNG_xmlStudy.MyTest4 -->
