<?xml version="1.0" encoding="UTF-8"?>
<!-- Generated by org.testng.reporters.JUnitReportReporter -->
<testsuite hostname="DESKTOP-IN0UN1N" failures="0" tests="1" name="FrameworkWithParametarization.KiteTestClassUsingTestNG" time="4.486" errors="0" timestamp="2022-06-20T18:41:53 IST" skipped="0">
  <testcase classname="FrameworkWithParametarization.KiteTestClassUsingTestNG" name="VerifyKiteUserId" time="4.486"/>
  <system-out>
    <![CDATA[validating userid
ExpectedUserId and ActualUserId is matchig, TC passed]]>
  </system-out>
</testsuite> <!-- FrameworkWithParametarization.KiteTestClassUsingTestNG -->
