<?xml version="1.0" encoding="UTF-8"?>
<!-- Generated by org.testng.reporters.JUnitReportReporter -->
<testsuite hostname="DESKTOP-IN0UN1N" failures="0" tests="4" name="testNG.PriorityUseWithDefaultZero" time="0.033" errors="0" timestamp="2022-06-12T20:18:08 IST" skipped="0">
  <testcase classname="testNG.PriorityUseWithDefaultZero" name="A" time="0.020"/>
  <system-out>
    <![CDATA[Test method A is running]]>
  </system-out>
  <testcase classname="testNG.PriorityUseWithDefaultZero" name="B" time="0.003"/>
  <system-out>
    <![CDATA[Test method B is running]]>
  </system-out>
  <testcase classname="testNG.PriorityUseWithDefaultZero" name="C" time="0.003"/>
  <system-out>
    <![CDATA[Test method C is running]]>
  </system-out>
  <testcase classname="testNG.PriorityUseWithDefaultZero" name="D" time="0.007"/>
  <system-out>
    <![CDATA[Test method D is running]]>
  </system-out>
</testsuite> <!-- testNG.PriorityUseWithDefaultZero -->
