<?xml version="1.0" encoding="UTF-8"?>
<!-- Generated by org.testng.reporters.JUnitReportReporter -->
<testsuite hostname="DESKTOP-IN0UN1N" failures="0" tests="1" name="testNG_xmlStudy.MyTest_B" time="28.785" errors="0" timestamp="2022-06-14T16:17:43 IST" skipped="0">
  <testcase classname="testNG_xmlStudy.MyTest_B" name="MyMethod2" time="28.785"/>
  <system-out>
    <![CDATA[MyMethod2 is running]]>
  </system-out>
</testsuite> <!-- testNG_xmlStudy.MyTest_B -->
