<?xml version="1.0" encoding="UTF-8"?>
<!-- Generated by org.testng.reporters.JUnitReportReporter -->
<testsuite hostname="DESKTOP-IN0UN1N" failures="0" tests="1" name="testNG_ParallelExecution.MyTest_C" time="23.440" errors="0" timestamp="2022-06-14T17:20:10 IST" skipped="0">
  <testcase classname="testNG_ParallelExecution.MyTest_C" name="MyMethod3" time="23.440"/>
  <system-out>
    <![CDATA[MyMethod3 is running]]>
  </system-out>
</testsuite> <!-- testNG_ParallelExecution.MyTest_C -->
