<?xml version="1.0" encoding="UTF-8"?>
<!-- Generated by org.testng.reporters.JUnitReportReporter -->
<testsuite hostname="DESKTOP-IN0UN1N" failures="0" tests="4" name="testNG.PriorityUseWithPositiveAndNegativeInteger" time="0.014" errors="0" timestamp="2022-06-12T20:24:05 IST" skipped="0">
  <testcase classname="testNG.PriorityUseWithPositiveAndNegativeInteger" name="D" time="0.011"/>
  <system-out>
    <![CDATA[Test method D is running]]>
  </system-out>
  <testcase classname="testNG.PriorityUseWithPositiveAndNegativeInteger" name="C" time="0.001"/>
  <system-out>
    <![CDATA[Test method C is running]]>
  </system-out>
  <testcase classname="testNG.PriorityUseWithPositiveAndNegativeInteger" name="B" time="0.001"/>
  <system-out>
    <![CDATA[Test method B is running]]>
  </system-out>
  <testcase classname="testNG.PriorityUseWithPositiveAndNegativeInteger" name="A" time="0.001"/>
  <system-out>
    <![CDATA[Test method A is running]]>
  </system-out>
</testsuite> <!-- testNG.PriorityUseWithPositiveAndNegativeInteger -->
