<?xml version="1.0" encoding="UTF-8"?>
<!-- Generated by org.testng.reporters.JUnitReportReporter -->
<testsuite hostname="DESKTOP-IN0UN1N" failures="0" tests="2" name="FrameworkWithParametarization.KiteTestCrossBrowser$KiteTestClassUsingTestNG" time="11.163" errors="0" timestamp="2022-06-20T19:56:53 IST" skipped="0">
  <testcase classname="FrameworkWithParametarization.KiteTestCrossBrowser$KiteTestClassUsingTestNG" name="VerifyKiteUserId" time="7.403"/>
  <system-out>
    <![CDATA[validating userid
ExpectedUserId and ActualUserId is matchig, TC passed]]>
  </system-out>
  <testcase classname="FrameworkWithParametarization.KiteTestCrossBrowser$KiteTestClassUsingTestNG" name="VerifyKiteUserId" time="3.760"/>
  <system-out>
    <![CDATA[validating userid
ExpectedUserId and ActualUserId is matchig, TC passed]]>
  </system-out>
</testsuite> <!-- FrameworkWithParametarization.KiteTestCrossBrowser$KiteTestClassUsingTestNG -->
