<?xml version="1.0" encoding="UTF-8"?>
<!-- Generated by org.testng.reporters.JUnitReportReporter -->
<testsuite hostname="DESKTOP-IN0UN1N" failures="0" tests="2" name="testNGListeners.PuneTest" time="0.004" errors="0" timestamp="2022-06-23T06:09:08 IST" skipped="0">
  <testcase classname="testNGListeners.PuneTest" name="Swargate" time="0.002"/>
  <system-out>
    <![CDATA[Swargate TC is runing
TC is passed]]>
  </system-out>
  <testcase classname="testNGListeners.PuneTest" name="Hadapsar" time="0.002"/>
  <system-out>
    <![CDATA[Hadapsar TC is runing
TC is passed]]>
  </system-out>
</testsuite> <!-- testNGListeners.PuneTest -->
