<?xml version="1.0" encoding="UTF-8"?>
<!-- Generated by org.testng.reporters.JUnitReportReporter -->
<testsuite hostname="DESKTOP-IN0UN1N" failures="0" tests="4" name="testNG.EnabledUse" time="0.012" errors="0" timestamp="2022-06-12T20:38:57 IST" skipped="1">
  <testcase classname="testNG.EnabledUse" name="A" time="0.009"/>
  <system-out>
    <![CDATA[Test method A is running]]>
  </system-out>
  <testcase classname="testNG.EnabledUse" name="B" time="0.002"/>
  <system-out>
    <![CDATA[Test method B is running]]>
  </system-out>
  <testcase classname="testNG.EnabledUse" name="D" time="0.001"/>
  <system-out>
    <![CDATA[Test method D is running]]>
  </system-out>
  <testcase classname="testNG.EnabledUse" name="C">
    <skipped/>
  </testcase> <!-- C -->
  <system-out/>
</testsuite> <!-- testNG.EnabledUse -->
