<?xml version="1.0" encoding="UTF-8"?>
<!-- Generated by org.testng.reporters.JUnitReportReporter -->
<testsuite hostname="DESKTOP-IN0UN1N" failures="0" tests="1" name="testNG_ParallelExecution.MyTest_B" time="28.020" errors="0" timestamp="2022-06-14T17:20:10 IST" skipped="0">
  <testcase classname="testNG_ParallelExecution.MyTest_B" name="MyMethod2" time="28.020"/>
  <system-out>
    <![CDATA[MyMethod2 is running]]>
  </system-out>
</testsuite> <!-- testNG_ParallelExecution.MyTest_B -->
