<?xml version="1.0" encoding="UTF-8"?>
<!-- Generated by org.testng.reporters.JUnitReportReporter -->
<testsuite hostname="DESKTOP-IN0UN1N" failures="0" tests="7" name="testNG.InvocationCountUse" time="0.035" errors="0" timestamp="2022-06-12T19:57:56 IST" skipped="0">
  <testcase classname="testNG.InvocationCountUse" name="A" time="0.019"/>
  <system-out>
    <![CDATA[Test method A is running]]>
  </system-out>
  <testcase classname="testNG.InvocationCountUse" name="B" time="0.003"/>
  <system-out>
    <![CDATA[Test method B is running]]>
  </system-out>
  <testcase classname="testNG.InvocationCountUse" name="B" time="0.004"/>
  <system-out>
    <![CDATA[Test method B is running]]>
  </system-out>
  <testcase classname="testNG.InvocationCountUse" name="C" time="0.002"/>
  <system-out>
    <![CDATA[Test method C is running]]>
  </system-out>
  <testcase classname="testNG.InvocationCountUse" name="D" time="0.002"/>
  <system-out>
    <![CDATA[Test method D is running]]>
  </system-out>
  <testcase classname="testNG.InvocationCountUse" name="D" time="0.002"/>
  <system-out>
    <![CDATA[Test method D is running]]>
  </system-out>
  <testcase classname="testNG.InvocationCountUse" name="D" time="0.003"/>
  <system-out>
    <![CDATA[Test method D is running]]>
  </system-out>
</testsuite> <!-- testNG.InvocationCountUse -->
