<?xml version="1.0" encoding="UTF-8"?>
<!-- Generated by org.testng.reporters.JUnitReportReporter -->
<testsuite hostname="DESKTOP-IN0UN1N" failures="0" tests="1" name="KiteAppTestClasses.TestClassForScreenshot" time="7.422" errors="0" timestamp="2022-06-23T11:45:03 IST" skipped="0">
  <testcase classname="KiteAppTestClasses.TestClassForScreenshot" name="ValidateUserName" time="7.422"/>
  <system-out>
    <![CDATA[Actualusername is matching with Expectedusrname, TC is passed]]>
  </system-out>
</testsuite> <!-- KiteAppTestClasses.TestClassForScreenshot -->
