<?xml version="1.0" encoding="UTF-8"?>
<!-- Generated by org.testng.reporters.JUnitReportReporter -->
<testsuite hostname="DESKTOP-IN0UN1N" failures="0" tests="4" name="testNG_xmlStudy.MyTest3" time="0.005" errors="0" timestamp="2022-06-14T17:16:21 IST" skipped="0">
  <testcase classname="testNG_xmlStudy.MyTest3" name="Mymethod4" time="0.001"/>
  <system-out>
    <![CDATA[Mymethod 4 is running]]>
  </system-out>
  <testcase classname="testNG_xmlStudy.MyTest3" name="Mymethod1" time="0.001"/>
  <system-out>
    <![CDATA[Mymethod 1 sanity is running]]>
  </system-out>
  <testcase classname="testNG_xmlStudy.MyTest3" name="Mymethod5" time="0.001"/>
  <system-out>
    <![CDATA[Mymethod 5 sanity is running]]>
  </system-out>
  <testcase classname="testNG_xmlStudy.MyTest3" name="Mymethod2" time="0.002"/>
  <system-out>
    <![CDATA[Mymethod 2 is running]]>
  </system-out>
</testsuite> <!-- testNG_xmlStudy.MyTest3 -->
