<?xml version="1.0" encoding="UTF-8"?>
<!-- Generated by org.testng.reporters.JUnitReportReporter -->
<testsuite hostname="DESKTOP-IN0UN1N" failures="0" tests="4" name="testNG.TimeOutUse" time="1.239" errors="0" timestamp="2022-06-12T20:48:10 IST" skipped="0">
  <testcase classname="testNG.TimeOutUse" name="A" time="0.012"/>
  <system-out>
    <![CDATA[Test method A is running]]>
  </system-out>
  <testcase classname="testNG.TimeOutUse" name="B" time="0.001"/>
  <system-out>
    <![CDATA[Test method B is running]]>
  </system-out>
  <testcase classname="testNG.TimeOutUse" name="D" time="0.002"/>
  <system-out>
    <![CDATA[Test method D is running]]>
  </system-out>
  <testcase classname="testNG.TimeOutUse" name="C" time="1.224"/>
  <system-out>
    <![CDATA[Test method C is running]]>
  </system-out>
</testsuite> <!-- testNG.TimeOutUse -->
