<?xml version="1.0" encoding="UTF-8"?>
<!-- Generated by org.testng.reporters.JUnitReportReporter -->
<testsuite hostname="DESKTOP-IN0UN1N" failures="0" tests="1" name="testNG_xmlStudy.MyTest_C" time="16.152" errors="0" timestamp="2022-06-14T16:17:43 IST" skipped="0">
  <testcase classname="testNG_xmlStudy.MyTest_C" name="MyMethod3" time="16.152"/>
  <system-out>
    <![CDATA[MyMethod3 is running]]>
  </system-out>
</testsuite> <!-- testNG_xmlStudy.MyTest_C -->
