<?xml version="1.0" encoding="UTF-8"?>
<!-- Generated by org.testng.reporters.JUnitReportReporter -->
<testsuite hostname="DESKTOP-IN0UN1N" failures="0" tests="4" name="testNGKeywordsStudy.DependsOnMethodUse" time="0.017" errors="0" timestamp="2022-06-13T23:14:58 IST" skipped="0">
  <testcase classname="testNGKeywordsStudy.DependsOnMethodUse" name="C" time="0.012"/>
  <system-out>
    <![CDATA[Test method C is running]]>
  </system-out>
  <testcase classname="testNGKeywordsStudy.DependsOnMethodUse" name="A" time="0.001"/>
  <system-out>
    <![CDATA[Test method A is running]]>
  </system-out>
  <testcase classname="testNGKeywordsStudy.DependsOnMethodUse" name="B" time="0.002"/>
  <system-out>
    <![CDATA[Test method B is running]]>
  </system-out>
  <testcase classname="testNGKeywordsStudy.DependsOnMethodUse" name="D" time="0.002"/>
  <system-out>
    <![CDATA[Test method D is running]]>
  </system-out>
</testsuite> <!-- testNGKeywordsStudy.DependsOnMethodUse -->
