<?xml version="1.0" encoding="UTF-8"?>
<!-- Generated by org.testng.reporters.JUnitReportReporter -->
<testsuite hostname="DESKTOP-IN0UN1N" failures="0" tests="3" name="KiteAppTestClasses.VctcScrollScreenshotProperty" time="1.370" errors="0" timestamp="2022-06-24T19:36:14 IST" skipped="0">
  <testcase classname="KiteAppTestClasses.VctcScrollScreenshotProperty" name="ScrolltoRadioButton" time="0.314"/>
  <system-out/>
  <testcase classname="KiteAppTestClasses.VctcScrollScreenshotProperty" name="ScrollintoHidebutton" time="0.259"/>
  <system-out/>
  <testcase classname="KiteAppTestClasses.VctcScrollScreenshotProperty" name="Scrollintoiframe" time="0.797"/>
  <system-out/>
</testsuite> <!-- KiteAppTestClasses.VctcScrollScreenshotProperty -->
