<?xml version="1.0" encoding="UTF-8"?>
<!-- Generated by org.testng.reporters.JUnitReportReporter -->
<testsuite hostname="DESKTOP-IN0UN1N" failures="0" tests="3" name="testNG.MyTestClass" time="50.891" errors="0" timestamp="2022-06-12T22:54:26 IST" skipped="0">
  <testcase classname="testNG.MyTestClass" name="MyMethod1" time="11.806"/>
  <system-out>
    <![CDATA[MyMethod1 is running]]>
  </system-out>
  <testcase classname="testNG.MyTestClass" name="MyMethod2" time="16.735"/>
  <system-out>
    <![CDATA[MyMethod2 is running]]>
  </system-out>
  <testcase classname="testNG.MyTestClass" name="MyMethod" time="22.350"/>
  <system-out/>
</testsuite> <!-- testNG.MyTestClass -->
