<?xml version="1.0" encoding="UTF-8"?>
<!-- Generated by org.testng.reporters.JUnitReportReporter -->
<testsuite hostname="DESKTOP-IN0UN1N" failures="0" tests="2" name="testNG.AnnotationStudy1" time="0.005" errors="0" timestamp="2022-06-10T16:21:55 IST" skipped="0">
  <testcase classname="testNG.AnnotationStudy1" name="MyTest2" time="0.002"/>
  <system-out>
    <![CDATA[ Test Method 2 is running]]>
  </system-out>
  <testcase classname="testNG.AnnotationStudy1" name="MyTest1" time="0.003"/>
  <system-out>
    <![CDATA[Test Method 1 is running]]>
  </system-out>
</testsuite> <!-- testNG.AnnotationStudy1 -->
