<?xml version="1.0" encoding="UTF-8"?>
<!-- Generated by org.testng.reporters.JUnitReportReporter -->
<testsuite hostname="DESKTOP-IN0UN1N" failures="0" tests="1" name="KiteAppTestClasses.ValidateKieUseId" time="11.378" errors="0" timestamp="2022-06-21T22:22:29 IST" skipped="0">
  <testcase classname="KiteAppTestClasses.ValidateKieUseId" name="ValidateUserName" time="11.378"/>
  <system-out>
    <![CDATA[Actaulusername is matching with expectedusername,TC is passed]]>
  </system-out>
</testsuite> <!-- KiteAppTestClasses.ValidateKieUseId -->
