<?xml version="1.0" encoding="UTF-8"?>
<!-- Generated by org.testng.reporters.JUnitReportReporter -->
<testsuite hostname="DESKTOP-IN0UN1N" failures="0" tests="1" name="testNG_Assertions.AssertTrueAndAssertFalse" time="22.197" errors="0" timestamp="2022-06-15T15:20:37 IST" skipped="0">
  <testcase classname="testNG_Assertions.AssertTrueAndAssertFalse" name="Mymethod2" time="22.197"/>
  <system-out>
    <![CDATA[checkbox is not selected and TC is passed
checkbox is selected and TC is passed]]>
  </system-out>
</testsuite> <!-- testNG_Assertions.AssertTrueAndAssertFalse -->
