<?xml version="1.0" encoding="UTF-8"?>
<!-- Generated by org.testng.reporters.JUnitReportReporter -->
<testsuite hostname="DESKTOP-IN0UN1N" failures="0" tests="2" name="testNG.Annotationstudy2" time="0.007" errors="0" timestamp="2022-06-10T16:21:55 IST" skipped="0">
  <testcase classname="testNG.Annotationstudy2" name="MyTest4" time="0.002"/>
  <system-out>
    <![CDATA[Test method 4 is running]]>
  </system-out>
  <testcase classname="testNG.Annotationstudy2" name="MyTest3" time="0.005"/>
  <system-out>
    <![CDATA[Test method 3 is running]]>
  </system-out>
</testsuite> <!-- testNG.Annotationstudy2 -->
