<?xml version="1.0" encoding="UTF-8"?>
<!-- Generated by org.testng.reporters.JUnitReportReporter -->
<testsuite hostname="DESKTOP-IN0UN1N" failures="0" tests="4" name="testNG.PriorityUseWithDuplicate" time="0.023" errors="0" timestamp="2022-06-12T23:55:55 IST" skipped="0">
  <testcase classname="testNG.PriorityUseWithDuplicate" name="Divya" time="0.003"/>
  <system-out>
    <![CDATA[Test method Divya is running]]>
  </system-out>
  <testcase classname="testNG.PriorityUseWithDuplicate" name="Divansh" time="0.016"/>
  <system-out>
    <![CDATA[Test method Divansh is running]]>
  </system-out>
  <testcase classname="testNG.PriorityUseWithDuplicate" name="B" time="0.002"/>
  <system-out>
    <![CDATA[Test method B is running]]>
  </system-out>
  <testcase classname="testNG.PriorityUseWithDuplicate" name="C" time="0.002"/>
  <system-out>
    <![CDATA[Test method C is running]]>
  </system-out>
</testsuite> <!-- testNG.PriorityUseWithDuplicate -->
